Arguments: 
  C:\Program Files\nodejs\node.exe C:\Program Files (x86)\Yarn\bin\yarn.js install --production

PATH: 
  I:\Dev\Github\QuickFIV\Quick-FIV\node_modules\.bin;C:\Users\Ali Nauman\AppData\Local\Yarn\config\link\node_modules\.bin;I:\Dev\Github\QuickFIV\Quick-FIV\node_modules\.bin;C:\Users\Ali Nauman\AppData\Local\Yarn\config\link\node_modules\.bin;C:\Program Files\lib\node_modules\npm\bin\node-gyp-bin;C:\Program Files\nodejs\node_modules\npm\bin\node-gyp-bin;C:\Python36\Scripts\;C:\Python36\;C:\ProgramData\Oracle\Java\javapath;C:\Program Files (x86)\Common Files\Intel\Shared Files\cpp\bin\Intel64;C:\Windows\system32;C:\Windows;C:\Windows\System32\Wbem;C:\Windows\System32\WindowsPowerShell\v1.0\;C:\Program Files (x86)\Brackets\command;C:\Android\sdk\platform-tools;E:\Softwares\FOSS\wget-1.11.4-1-bin\bin;C:\Program Files\dotnet\;C:\Program Files\Microsoft SQL Server\130\Tools\Binn\;C:\Program Files (x86)\Yarn\bin;C:\ProgramData\chocolatey\bin;C:\Program Files\Git\cmd;C:\Users\Ali Nauman\OneDrive\Selfmade Tools;C:\nvm;C:\Program Files\nodejs;C:\Program Files\CMake\bin;C:\ProgramData\Anaconda3\Scripts;C:\ProgramData\Anaconda3;C:\Users\Ali Nauman\AppData\Local\Microsoft\WindowsApps;C:\Program Files\Microsoft VS Code\bin;C:\Users\Ali Nauman\AppData\Local\atom\bin;C:\Users\Ali Nauman\AppData\Local\Yarn\bin;C:\Users\Ali Nauman\AppData\Roaming\npm

Yarn version: 
  1.3.2

Node version: 
  9.5.0

Platform: 
  win32 x64

npm manifest: 
  {
    "name": "QuickFIV",
    "version": "0.1.0",
    "description": "QuickFIV application built with Electron",
    "author": {
      "name": "Ali Nauman",
      "email": ""
    },
    "license": "MIT",
    "main": "javascripts/main/index.js",
    "dependencies": {
      "bozon": "^0.7.9",
      "file": "^0.2.2",
      "global": "^4.3.2",
      "hash-files": "^1.1.1",
      "jsonfile": "^4.0.0",
      "sweetalert2": "^7.9.2",
      "vue-devtools": "^3.1.9"
    },
    "settings": {
      "width": 680,
      "height": 400,
      "reload": true,
      "devTools": true,
      "icon": ".ico"
    }
  }

yarn manifest: 
  No manifest

Lockfile: 
  No lockfile

Trace: 
  Error: connect ETIMEDOUT 104.16.63.173:443
      at Object._errnoException (util.js:1003:13)
      at _exceptionWithHostPort (util.js:1024:20)
      at TCPConnectWrap.afterConnect [as oncomplete] (net.js:1195:14)
